<?xml version="1.0" encoding="UTF-8"?>
<!-- Generated by org.testng.reporters.JUnitXMLReporter -->
<testsuite hostname="doudou-PC" name="test1" tests="4" failures="0" timestamp="27 Feb 2016 00:40:16 GMT" time="23.045" errors="0">
  <testcase name="f" time="0.852" classname="TestngProj.TestngDemo"/>
  <testcase name="loginTest" time="4.93" classname="TestngProj.TestngDemo"/>
  <testcase name="testCase1" time="0.0" classname="TestngProj.AnnotationTest"/>
  <testcase name="testCase2" time="0.0" classname="TestngProj.AnnotationTest"/>
</testsuite> <!-- test1 -->
